============== Checking Bills ==============
12/03/2024 10:00:00
Traceback (most recent call last):
  File "/users/a/p/aperkel/www-root/utilities/scripts/run.py", line 3, in <module>
    db.run_schedule()
  File "/users/a/p/aperkel/www-root/utilities/scripts/db.py", line 218, in run_schedule
    schedule.run_pending()        
  File "/users/a/p/aperkel/.local/lib/python3.10/site-packages/schedule/__init__.py", line 854, in run_pending
    default_scheduler.run_pending()
  File "/users/a/p/aperkel/.local/lib/python3.10/site-packages/schedule/__init__.py", line 101, in run_pending
    self._run_job(job)
  File "/users/a/p/aperkel/.local/lib/python3.10/site-packages/schedule/__init__.py", line 173, in _run_job
    ret = job.run()
  File "/users/a/p/aperkel/.local/lib/python3.10/site-packages/schedule/__init__.py", line 691, in run
    ret = self.job_func()
  File "/users/a/p/aperkel/www-root/utilities/scripts/db.py", line 60, in check_bills
    'mysql://' + os.getenv('DBUSER') + ':' + os.getenv('DBPASS') + '@webdb.uvm.edu/' + os.getenv('DBNAME'),
TypeError: can only concatenate str (not "NoneType") to str
============== Checking Bills ==============
12/04/2024 10:00:00
connected
got SQL result
Dates: ['2024-12-09', '2024-12-18', '2024-12-20']
People: ['Owen', 'Owen, Ben', 'Owen, Ben']
-------------- Email Scheduling --------------
Unpaid Bills:
- 2024-12-09: Owen
  - Days until bill due: 5
  - Sending Email
  - Email Sent
- 2024-12-18: Owen, Ben
  - Days until bill due: 14
  - Not Sending Email
- 2024-12-20: Owen, Ben
  - Days until bill due: 16
  - Not Sending Email
=================== Done ===================

============== Checking Bills ==============
12/05/2024 10:00:00
connected
got SQL result
Dates: ['2024-12-09', '2024-12-18', '2024-12-20']
People: ['Owen', 'Owen, Ben', 'Owen, Ben']
-------------- Email Scheduling --------------
Unpaid Bills:
- 2024-12-09: Owen
  - Days until bill due: 4
  - Sending Email
  - Email Sent
- 2024-12-18: Owen, Ben
  - Days until bill due: 13
  - Not Sending Email
- 2024-12-20: Owen, Ben
  - Days until bill due: 15
  - Not Sending Email
=================== Done ===================

============== Checking Bills ==============
12/06/2024 10:00:00
connected
got SQL result
Dates: ['2024-12-09', '2024-12-18', '2024-12-20']
People: ['Owen', 'Owen, Ben', 'Owen, Ben']
-------------- Email Scheduling --------------
Unpaid Bills:
- 2024-12-09: Owen
  - Days until bill due: 3
  - Sending Email
  - Email Sent
- 2024-12-18: Owen, Ben
  - Days until bill due: 12
  - Not Sending Email
- 2024-12-20: Owen, Ben
  - Days until bill due: 14
  - Not Sending Email
=================== Done ===================

============== Checking Bills ==============
12/07/2024 10:00:00
connected
got SQL result
Dates: ['2024-12-09', '2024-12-18', '2024-12-20']
People: ['Owen', 'Owen, Ben', 'Owen, Ben']
-------------- Email Scheduling --------------
Unpaid Bills:
- 2024-12-09: Owen
  - Days until bill due: 2
  - Sending Email
  - Email Sent
- 2024-12-18: Owen, Ben
  - Days until bill due: 11
  - Not Sending Email
- 2024-12-20: Owen, Ben
  - Days until bill due: 13
  - Not Sending Email
=================== Done ===================

============== Checking Bills ==============
12/08/2024 10:00:00
connected
got SQL result
Dates: ['2024-12-09', '2024-12-18', '2024-12-20']
People: ['Owen', 'Owen, Ben', 'Owen, Ben']
-------------- Email Scheduling --------------
Unpaid Bills:
- 2024-12-09: Owen
  - Days until bill due: 1
  - Sending Email
  - Email Sent
- 2024-12-18: Owen, Ben
  - Days until bill due: 10
  - Not Sending Email
- 2024-12-20: Owen, Ben
  - Days until bill due: 12
  - Not Sending Email
=================== Done ===================

============== Checking Bills ==============
12/09/2024 10:00:00
connected
got SQL result
Dates: ['2024-12-18', '2024-12-20']
People: ['Ben', 'Ben']
-------------- Email Scheduling --------------
Unpaid Bills:
- 2024-12-18: Ben
  - Days until bill due: 9
  - Not Sending Email
- 2024-12-20: Ben
  - Days until bill due: 11
  - Not Sending Email
=================== Done ===================

============== Checking Bills ==============
12/10/2024 10:00:00
connected
got SQL result
Dates: ['2024-12-18', '2024-12-20']
People: ['Ben', 'Ben']
-------------- Email Scheduling --------------
Unpaid Bills:
- 2024-12-18: Ben
  - Days until bill due: 8
  - Not Sending Email
- 2024-12-20: Ben
  - Days until bill due: 10
  - Not Sending Email
=================== Done ===================

============== Checking Bills ==============
12/11/2024 10:00:00
connected
got SQL result
Dates: ['2024-12-18', '2024-12-20']
People: ['Ben', 'Ben']
-------------- Email Scheduling --------------
Unpaid Bills:
- 2024-12-18: Ben
  - Days until bill due: 7
  - Sending Email
  - Email Sent
- 2024-12-20: Ben
  - Days until bill due: 9
  - Not Sending Email
=================== Done ===================

============== Checking Bills ==============
12/12/2024 10:00:00
connected
got SQL result
Dates: ['2024-12-18', '2024-12-20']
People: ['Ben', 'Ben']
-------------- Email Scheduling --------------
Unpaid Bills:
- 2024-12-18: Ben
  - Days until bill due: 6
  - Sending Email
  - Email Sent
- 2024-12-20: Ben
  - Days until bill due: 8
  - Not Sending Email
=================== Done ===================

============== Checking Bills ==============
12/13/2024 10:00:00
connected
got SQL result
Dates: ['2024-12-18', '2024-12-20']
People: ['Ben', 'Ben']
-------------- Email Scheduling --------------
Unpaid Bills:
- 2024-12-18: Ben
  - Days until bill due: 5
  - Sending Email
  - Email Sent
- 2024-12-20: Ben
  - Days until bill due: 7
  - Sending Email
  - Email Sent
=================== Done ===================

============== Checking Bills ==============
12/14/2024 10:00:00
Traceback (most recent call last):
  File "/users/a/p/aperkel/utilities.aperkel.w3.uvm.edu-root/scripts/run.py", line 3, in <module>
    db.run_schedule()
  File "/users/a/p/aperkel/utilities.aperkel.w3.uvm.edu-root/scripts/db.py", line 218, in run_schedule
    schedule.run_pending()        
  File "/users/a/p/aperkel/.local/lib/python3.10/site-packages/schedule/__init__.py", line 854, in run_pending
    default_scheduler.run_pending()
  File "/users/a/p/aperkel/.local/lib/python3.10/site-packages/schedule/__init__.py", line 101, in run_pending
    self._run_job(job)
  File "/users/a/p/aperkel/.local/lib/python3.10/site-packages/schedule/__init__.py", line 173, in _run_job
    ret = job.run()
  File "/users/a/p/aperkel/.local/lib/python3.10/site-packages/schedule/__init__.py", line 691, in run
    ret = self.job_func()
  File "/users/a/p/aperkel/utilities.aperkel.w3.uvm.edu-root/scripts/db.py", line 60, in check_bills
    'mysql://' + os.getenv('DBUSER') + ':' + os.getenv('DBPASS') + '@webdb.uvm.edu/' + os.getenv('DBNAME'),
TypeError: can only concatenate str (not "NoneType") to str
============== Checking Bills ==============
12/16/2024 10:00:00
connected
got SQL result
Dates: ['2024-12-18', '2024-12-20', '2025-01-06']
People: ['Ben', 'Ben', 'Aaron, Owen, Ben']
-------------- Email Scheduling --------------
Unpaid Bills:
- 2024-12-18: Ben
  - Days until bill due: 2
  - Sending Email
  - Email Sent
- 2024-12-20: Ben
  - Days until bill due: 4
  - Sending Email
  - Email Sent
- 2025-01-06: Aaron, Owen, Ben
  - Days until bill due: 21
  - Not Sending Email
=================== Done ===================

============== Checking Bills ==============
12/18/2024 10:00:00
connected
got SQL result
Dates: ['2024-12-18', '2024-12-20', '2025-01-06']
People: ['Ben', 'Ben', 'Aaron, Owen, Ben']
-------------- Email Scheduling --------------
Unpaid Bills:
- 2024-12-18: Ben
  - Days until bill due: 0
  - Sending Email
  - Email Sent
- 2024-12-20: Ben
  - Days until bill due: 2
  - Sending Email
  - Email Sent
- 2025-01-06: Aaron, Owen, Ben
  - Days until bill due: 19
  - Not Sending Email
=================== Done ===================

============== Checking Bills ==============
12/19/2024 10:00:00
connected
got SQL result
Dates: ['2025-01-06']
People: ['Aaron, Owen, Ben']
-------------- Email Scheduling --------------
Unpaid Bills:
- 2025-01-06: Aaron, Owen, Ben
  - Days until bill due: 18
  - Not Sending Email
=================== Done ===================

============== Checking Bills ==============
12/20/2024 10:00:00
connected
got SQL result
Dates: ['2025-01-06']
People: ['Aaron, Owen, Ben']
-------------- Email Scheduling --------------
Unpaid Bills:
- 2025-01-06: Aaron, Owen, Ben
  - Days until bill due: 17
  - Not Sending Email
=================== Done ===================

============== Checking Bills ==============
12/21/2024 10:00:00
connected
got SQL result
Dates: ['2025-01-06', '2025-01-16']
People: ['Aaron, Owen, Ben', 'Aaron, Owen, Ben']
-------------- Email Scheduling --------------
Unpaid Bills:
- 2025-01-06: Aaron, Owen, Ben
  - Days until bill due: 16
  - Not Sending Email
- 2025-01-16: Aaron, Owen, Ben
  - Days until bill due: 26
  - Not Sending Email
=================== Done ===================

============== Checking Bills ==============
12/22/2024 10:00:00
connected
got SQL result
Dates: ['2025-01-06', '2025-01-16']
People: ['Aaron, Owen, Ben', 'Aaron, Owen, Ben']
-------------- Email Scheduling --------------
Unpaid Bills:
- 2025-01-06: Aaron, Owen, Ben
  - Days until bill due: 15
  - Not Sending Email
- 2025-01-16: Aaron, Owen, Ben
  - Days until bill due: 25
  - Not Sending Email
=================== Done ===================

============== Checking Bills ==============
12/23/2024 10:00:00
connected
got SQL result
Dates: ['2025-01-06', '2025-01-16']
People: ['Aaron, Owen, Ben', 'Aaron, Owen, Ben']
-------------- Email Scheduling --------------
Unpaid Bills:
- 2025-01-06: Aaron, Owen, Ben
  - Days until bill due: 14
  - Not Sending Email
- 2025-01-16: Aaron, Owen, Ben
  - Days until bill due: 24
  - Not Sending Email
=================== Done ===================

============== Checking Bills ==============
12/27/2024 10:00:00
connected
got SQL result
Dates: ['2025-01-06', '2025-01-16']
People: ['Aaron, Owen, Ben', 'Aaron, Owen, Ben']
-------------- Email Scheduling --------------
Unpaid Bills:
- 2025-01-06: Aaron, Owen, Ben
  - Days until bill due: 10
  - Not Sending Email
- 2025-01-16: Aaron, Owen, Ben
  - Days until bill due: 20
  - Not Sending Email
=================== Done ===================

============== Checking Bills ==============
12/28/2024 10:00:00
connected
got SQL result
Dates: ['2025-01-06', '2025-01-16']
People: ['Aaron, Owen, Ben', 'Aaron, Owen, Ben']
-------------- Email Scheduling --------------
Unpaid Bills:
- 2025-01-06: Aaron, Owen, Ben
  - Days until bill due: 9
  - Not Sending Email
- 2025-01-16: Aaron, Owen, Ben
  - Days until bill due: 19
  - Not Sending Email
=================== Done ===================

============== Checking Bills ==============
12/29/2024 10:00:00
connected
got SQL result
Dates: ['2025-01-06', '2025-01-16']
People: ['Aaron, Owen, Ben', 'Aaron, Owen, Ben']
-------------- Email Scheduling --------------
Unpaid Bills:
- 2025-01-06: Aaron, Owen, Ben
  - Days until bill due: 8
  - Not Sending Email
- 2025-01-16: Aaron, Owen, Ben
  - Days until bill due: 18
  - Not Sending Email
=================== Done ===================

============== Checking Bills ==============
12/30/2024 10:00:00
connected
got SQL result
Dates: ['2025-01-06', '2025-01-16']
People: ['Aaron, Owen, Ben', 'Aaron, Owen, Ben']
-------------- Email Scheduling --------------
Unpaid Bills:
- 2025-01-06: Aaron, Owen, Ben
  - Days until bill due: 7
  - Sending Email
  - Email Sent
- 2025-01-16: Aaron, Owen, Ben
  - Days until bill due: 17
  - Not Sending Email
=================== Done ===================

============== Checking Bills ==============
12/31/2024 10:00:00
connected
got SQL result
Dates: ['2025-01-06', '2025-01-16']
People: ['Aaron, Owen, Ben', 'Aaron, Owen, Ben']
-------------- Email Scheduling --------------
Unpaid Bills:
- 2025-01-06: Aaron, Owen, Ben
  - Days until bill due: 6
  - Sending Email
  - Email Sent
- 2025-01-16: Aaron, Owen, Ben
  - Days until bill due: 16
  - Not Sending Email
=================== Done ===================

============== Checking Bills ==============
01/01/2025 10:00:00
connected
got SQL result
Dates: ['2025-01-06', '2025-01-16']
People: ['Aaron, Owen, Ben', 'Aaron, Owen, Ben']
-------------- Email Scheduling --------------
Unpaid Bills:
- 2025-01-06: Aaron, Owen, Ben
  - Days until bill due: 5
  - Sending Email
  - Email Sent
- 2025-01-16: Aaron, Owen, Ben
  - Days until bill due: 15
  - Not Sending Email
=================== Done ===================

============== Checking Bills ==============
01/02/2025 10:00:00
connected
got SQL result
Dates: ['2025-01-06', '2025-01-16', '2025-01-20']
People: ['Owen, Ben', 'Owen, Ben', 'Owen, Ben']
-------------- Email Scheduling --------------
Unpaid Bills:
- 2025-01-06: Owen, Ben
  - Days until bill due: 4
  - Sending Email
  - Email Sent
- 2025-01-16: Owen, Ben
  - Days until bill due: 14
  - Not Sending Email
- 2025-01-20: Owen, Ben
  - Days until bill due: 18
  - Not Sending Email
=================== Done ===================

============== Checking Bills ==============
01/03/2025 10:00:00
connected
got SQL result
Dates: ['2025-01-06', '2025-01-16', '2025-01-20']
People: ['Owen, Ben', 'Owen, Ben', 'Owen, Ben']
-------------- Email Scheduling --------------
Unpaid Bills:
- 2025-01-06: Owen, Ben
  - Days until bill due: 3
  - Sending Email
  - Email Sent
- 2025-01-16: Owen, Ben
  - Days until bill due: 13
  - Not Sending Email
- 2025-01-20: Owen, Ben
  - Days until bill due: 17
  - Not Sending Email
=================== Done ===================

============== Checking Bills ==============
01/04/2025 10:00:00
connected
got SQL result
Dates: ['2025-01-06', '2025-01-16', '2025-01-20']
People: ['Owen, Ben', 'Owen, Ben', 'Owen, Ben']
-------------- Email Scheduling --------------
Unpaid Bills:
- 2025-01-06: Owen, Ben
  - Days until bill due: 2
  - Sending Email
  - Email Sent
- 2025-01-16: Owen, Ben
  - Days until bill due: 12
  - Not Sending Email
- 2025-01-20: Owen, Ben
  - Days until bill due: 16
  - Not Sending Email
=================== Done ===================

============== Checking Bills ==============
01/05/2025 10:00:00
connected
got SQL result
Dates: ['2025-01-06', '2025-01-16', '2025-01-20']
People: ['Owen, Ben', 'Owen, Ben', 'Owen, Ben']
-------------- Email Scheduling --------------
Unpaid Bills:
- 2025-01-06: Owen, Ben
  - Days until bill due: 1
  - Sending Email
  - Email Sent
- 2025-01-16: Owen, Ben
  - Days until bill due: 11
  - Not Sending Email
- 2025-01-20: Owen, Ben
  - Days until bill due: 15
  - Not Sending Email
=================== Done ===================

============== Checking Bills ==============
01/06/2025 10:00:00
connected
got SQL result
Dates: ['2025-01-06', '2025-01-16', '2025-01-20']
People: ['Ben', 'Ben', 'Ben']
-------------- Email Scheduling --------------
Unpaid Bills:
- 2025-01-06: Ben
  - Days until bill due: 0
  - Sending Email
  - Email Sent
- 2025-01-16: Ben
  - Days until bill due: 10
  - Not Sending Email
- 2025-01-20: Ben
  - Days until bill due: 14
  - Not Sending Email
=================== Done ===================

============== Checking Bills ==============
01/07/2025 10:00:00
connected
got SQL result
Dates: ['2025-01-06', '2025-01-16', '2025-01-20']
People: ['Ben', 'Ben', 'Ben']
-------------- Email Scheduling --------------
Unpaid Bills:
- 2025-01-06: Ben
  - Days until bill due: -1
  - Sending Email
  - Email Sent
- 2025-01-16: Ben
  - Days until bill due: 9
  - Not Sending Email
- 2025-01-20: Ben
  - Days until bill due: 13
  - Not Sending Email
=================== Done ===================

============== Checking Bills ==============
01/08/2025 10:00:00
connected
got SQL result
Dates: ['2025-01-06', '2025-01-16', '2025-01-20']
People: ['Ben', 'Ben', 'Ben']
-------------- Email Scheduling --------------
Unpaid Bills:
- 2025-01-06: Ben
  - Days until bill due: -2
  - Sending Email
  - Email Sent
- 2025-01-16: Ben
  - Days until bill due: 8
  - Not Sending Email
- 2025-01-20: Ben
  - Days until bill due: 12
  - Not Sending Email
=================== Done ===================

============== Checking Bills ==============
01/09/2025 10:00:00
connected
got SQL result
Dates: ['2025-01-06', '2025-01-16', '2025-01-20']
People: ['Ben', 'Ben', 'Ben']
-------------- Email Scheduling --------------
Unpaid Bills:
- 2025-01-06: Ben
  - Days until bill due: -3
  - Sending Email
  - Email Sent
- 2025-01-16: Ben
  - Days until bill due: 7
  - Sending Email
  - Email Sent
- 2025-01-20: Ben
  - Days until bill due: 11
  - Not Sending Email
=================== Done ===================

============== Checking Bills ==============
01/10/2025 10:00:00
connected
got SQL result
Dates: ['2025-01-06', '2025-01-16', '2025-01-20']
People: ['Ben', 'Ben', 'Ben']
-------------- Email Scheduling --------------
Unpaid Bills:
- 2025-01-06: Ben
  - Days until bill due: -4
  - Sending Email
  - Email Sent
- 2025-01-16: Ben
  - Days until bill due: 6
  - Sending Email
  - Email Sent
- 2025-01-20: Ben
  - Days until bill due: 10
  - Not Sending Email
=================== Done ===================

============== Checking Bills ==============
01/11/2025 10:00:00
connected
got SQL result
Dates: []
People: []
============== Checking Bills ==============
01/12/2025 10:00:00
connected
got SQL result
Dates: []
People: []
============== Checking Bills ==============
01/13/2025 10:00:00
connected
got SQL result
Dates: []
People: []
============== Checking Bills ==============
02/05/2025 10:00:00
connected
got SQL result
Dates: ['2025-02-08', '2025-02-18', '2025-02-20']
People: ['Owen, Ben', 'Owen, Ben', 'Owen, Ben']
-------------- Email Scheduling --------------
Unpaid Bills:
- 2025-02-08: Owen, Ben
  - Days until bill due: 3
  - Sending Email
  - Email Sent
- 2025-02-18: Owen, Ben
  - Days until bill due: 13
  - Not Sending Email
- 2025-02-20: Owen, Ben
  - Days until bill due: 15
  - Not Sending Email
=================== Done ===================

============== Checking Bills ==============
02/06/2025 10:00:00
connected
got SQL result
Dates: ['2025-02-08', '2025-02-18', '2025-02-20']
People: ['Owen, Ben', 'Owen, Ben', 'Owen, Ben']
-------------- Email Scheduling --------------
Unpaid Bills:
- 2025-02-08: Owen, Ben
  - Days until bill due: 2
  - Sending Email
  - Email Sent
- 2025-02-18: Owen, Ben
  - Days until bill due: 12
  - Not Sending Email
- 2025-02-20: Owen, Ben
  - Days until bill due: 14
  - Not Sending Email
=================== Done ===================

============== Checking Bills ==============
02/07/2025 10:00:00
connected
got SQL result
Dates: ['2025-02-08', '2025-02-18', '2025-02-20']
People: ['Owen, Ben', 'Owen, Ben', 'Owen, Ben']
-------------- Email Scheduling --------------
Unpaid Bills:
- 2025-02-08: Owen, Ben
  - Days until bill due: 1
  - Sending Email
  - Email Sent
- 2025-02-18: Owen, Ben
  - Days until bill due: 11
  - Not Sending Email
- 2025-02-20: Owen, Ben
  - Days until bill due: 13
  - Not Sending Email
=================== Done ===================

============== Checking Bills ==============
02/08/2025 10:00:00
connected
got SQL result
Dates: ['2025-02-08', '2025-02-18', '2025-02-20']
People: ['Owen, Ben', 'Owen, Ben', 'Owen, Ben']
-------------- Email Scheduling --------------
Unpaid Bills:
- 2025-02-08: Owen, Ben
  - Days until bill due: 0
  - Sending Email
  - Email Sent
- 2025-02-18: Owen, Ben
  - Days until bill due: 10
  - Not Sending Email
- 2025-02-20: Owen, Ben
  - Days until bill due: 12
  - Not Sending Email
=================== Done ===================

============== Checking Bills ==============
02/09/2025 10:00:00
connected
got SQL result
Dates: ['2025-02-18', '2025-02-20']
People: ['Owen, Ben', 'Owen, Ben']
-------------- Email Scheduling --------------
Unpaid Bills:
- 2025-02-18: Owen, Ben
  - Days until bill due: 9
  - Not Sending Email
- 2025-02-20: Owen, Ben
  - Days until bill due: 11
  - Not Sending Email
=================== Done ===================

============== Checking Bills ==============
02/10/2025 10:00:00
connected
got SQL result
Dates: ['2025-02-18', '2025-02-20']
People: ['Owen, Ben', 'Owen, Ben']
-------------- Email Scheduling --------------
Unpaid Bills:
- 2025-02-18: Owen, Ben
  - Days until bill due: 8
  - Not Sending Email
- 2025-02-20: Owen, Ben
  - Days until bill due: 10
  - Not Sending Email
=================== Done ===================

============== Checking Bills ==============
02/14/2025 10:00:00
connected
got SQL result
Dates: ['2025-02-18', '2025-02-20', '2025-03-09']
People: ['Owen, Ben', 'Owen, Ben', 'Aaron, Owen, Ben']
-------------- Email Scheduling --------------
Unpaid Bills:
- 2025-02-18: Owen, Ben
  - Days until bill due: 4
  - Sending Email
  - Email Sent
- 2025-02-20: Owen, Ben
  - Days until bill due: 6
  - Sending Email
  - Email Sent
- 2025-03-09: Aaron, Owen, Ben
  - Days until bill due: 23
  - Not Sending Email
=================== Done ===================

============== Checking Bills ==============
02/15/2025 10:00:00
connected
got SQL result
Dates: ['2025-02-18', '2025-02-20', '2025-03-09']
People: ['Owen, Ben', 'Owen, Ben', 'Aaron, Owen, Ben']
-------------- Email Scheduling --------------
Unpaid Bills:
- 2025-02-18: Owen, Ben
  - Days until bill due: 3
  - Sending Email
  - Email Sent
- 2025-02-20: Owen, Ben
  - Days until bill due: 5
  - Sending Email
  - Email Sent
- 2025-03-09: Aaron, Owen, Ben
  - Days until bill due: 22
  - Not Sending Email
=================== Done ===================

============== Checking Bills ==============
02/16/2025 10:00:00
connected
got SQL result
Dates: ['2025-02-18', '2025-02-20', '2025-03-09']
People: ['Ben', 'Ben', 'Aaron, Ben']
-------------- Email Scheduling --------------
Unpaid Bills:
- 2025-02-18: Ben
  - Days until bill due: 2
  - Sending Email
  - Email Sent
- 2025-02-20: Ben
  - Days until bill due: 4
  - Sending Email
  - Email Sent
- 2025-03-09: Aaron, Ben
  - Days until bill due: 21
  - Not Sending Email
=================== Done ===================

============== Checking Bills ==============
02/17/2025 10:00:00
connected
got SQL result
Dates: ['2025-02-18', '2025-02-20', '2025-03-09']
People: ['Ben', 'Ben', 'Aaron, Ben']
-------------- Email Scheduling --------------
Unpaid Bills:
- 2025-02-18: Ben
  - Days until bill due: 1
  - Sending Email
  - Email Sent
- 2025-02-20: Ben
  - Days until bill due: 3
  - Sending Email
  - Email Sent
- 2025-03-09: Aaron, Ben
  - Days until bill due: 20
  - Not Sending Email
=================== Done ===================

============== Checking Bills ==============
02/28/2025 10:00:00
connected
got SQL result
Dates: ['2025-03-09', '2025-03-18']
People: ['Aaron, Ben', 'Aaron, Owen, Ben']
-------------- Email Scheduling --------------
Unpaid Bills:
- 2025-03-09: Aaron, Ben
  - Days until bill due: 9
  - Not Sending Email
- 2025-03-18: Aaron, Owen, Ben
  - Days until bill due: 18
  - Not Sending Email
=================== Done ===================

============== Checking Bills ==============
03/01/2025 10:00:00
connected
got SQL result
Dates: ['2025-03-09', '2025-03-18']
People: ['Aaron, Ben', 'Aaron, Owen, Ben']
-------------- Email Scheduling --------------
Unpaid Bills:
- 2025-03-09: Aaron, Ben
  - Days until bill due: 8
  - Not Sending Email
- 2025-03-18: Aaron, Owen, Ben
  - Days until bill due: 17
  - Not Sending Email
=================== Done ===================

============== Checking Bills ==============
03/02/2025 10:00:00
connected
got SQL result
Dates: ['2025-03-09', '2025-03-18', '2025-03-20']
People: ['Ben', 'Owen, Ben', 'Owen, Ben']
-------------- Email Scheduling --------------
Unpaid Bills:
- 2025-03-09: Ben
  - Days until bill due: 7
  - Sending Email
  - Email Sent
- 2025-03-18: Owen, Ben
  - Days until bill due: 16
  - Not Sending Email
- 2025-03-20: Owen, Ben
  - Days until bill due: 18
  - Not Sending Email
=================== Done ===================

============== Checking Bills ==============
03/03/2025 10:00:00
connected
got SQL result
Dates: ['2025-03-09', '2025-03-18', '2025-03-20']
People: ['Ben', 'Owen, Ben', 'Owen, Ben']
-------------- Email Scheduling --------------
Unpaid Bills:
- 2025-03-09: Ben
  - Days until bill due: 6
  - Sending Email
  - Email Sent
- 2025-03-18: Owen, Ben
  - Days until bill due: 15
  - Not Sending Email
- 2025-03-20: Owen, Ben
  - Days until bill due: 17
  - Not Sending Email
=================== Done ===================

============== Checking Bills ==============
03/04/2025 10:00:00
connected
got SQL result
Dates: ['2025-03-09', '2025-03-18', '2025-03-20']
People: ['Ben', 'Owen, Ben', 'Owen, Ben']
-------------- Email Scheduling --------------
Unpaid Bills:
- 2025-03-09: Ben
  - Days until bill due: 5
  - Sending Email
  - Email Sent
- 2025-03-18: Owen, Ben
  - Days until bill due: 14
  - Not Sending Email
- 2025-03-20: Owen, Ben
  - Days until bill due: 16
  - Not Sending Email
=================== Done ===================

============== Checking Bills ==============
03/05/2025 10:00:00
connected
got SQL result
Dates: ['2025-03-09', '2025-03-18', '2025-03-20']
People: ['Ben', 'Owen, Ben', 'Owen, Ben']
-------------- Email Scheduling --------------
Unpaid Bills:
- 2025-03-09: Ben
  - Days until bill due: 4
  - Sending Email
  - Email Sent
- 2025-03-18: Owen, Ben
  - Days until bill due: 13
  - Not Sending Email
- 2025-03-20: Owen, Ben
  - Days until bill due: 15
  - Not Sending Email
=================== Done ===================

============== Checking Bills ==============
03/06/2025 10:00:00
connected
got SQL result
Dates: ['2025-03-09', '2025-03-18', '2025-03-20']
People: ['Ben', 'Owen, Ben', 'Owen, Ben']
-------------- Email Scheduling --------------
Unpaid Bills:
- 2025-03-09: Ben
  - Days until bill due: 3
  - Sending Email
  - Email Sent
- 2025-03-18: Owen, Ben
  - Days until bill due: 12
  - Not Sending Email
- 2025-03-20: Owen, Ben
  - Days until bill due: 14
  - Not Sending Email
=================== Done ===================

============== Checking Bills ==============
03/07/2025 10:00:00
connected
got SQL result
Dates: ['2025-03-09', '2025-03-18', '2025-03-20']
People: ['Ben', 'Owen, Ben', 'Owen, Ben']
-------------- Email Scheduling --------------
Unpaid Bills:
- 2025-03-09: Ben
  - Days until bill due: 2
  - Sending Email
  - Email Sent
- 2025-03-18: Owen, Ben
  - Days until bill due: 11
  - Not Sending Email
- 2025-03-20: Owen, Ben
  - Days until bill due: 13
  - Not Sending Email
=================== Done ===================

============== Checking Bills ==============
03/08/2025 10:00:00
connected
got SQL result
Dates: ['2025-03-09', '2025-03-18', '2025-03-20']
People: ['Ben', 'Owen, Ben', 'Owen, Ben']
-------------- Email Scheduling --------------
Unpaid Bills:
- 2025-03-09: Ben
  - Days until bill due: 1
  - Sending Email
  - Email Sent
- 2025-03-18: Owen, Ben
  - Days until bill due: 10
  - Not Sending Email
- 2025-03-20: Owen, Ben
  - Days until bill due: 12
  - Not Sending Email
=================== Done ===================

============== Checking Bills ==============
03/09/2025 10:00:00
connected
got SQL result
Dates: ['2025-03-09', '2025-03-18', '2025-03-20']
People: ['Ben', 'Owen, Ben', 'Owen, Ben']
-------------- Email Scheduling --------------
Unpaid Bills:
- 2025-03-09: Ben
  - Days until bill due: 0
  - Sending Email
  - Email Sent
- 2025-03-18: Owen, Ben
  - Days until bill due: 9
  - Not Sending Email
- 2025-03-20: Owen, Ben
  - Days until bill due: 11
  - Not Sending Email
=================== Done ===================

============== Checking Bills ==============
03/10/2025 10:00:00
connected
got SQL result
Dates: ['2025-03-18', '2025-03-20']
People: ['Owen, Ben', 'Owen, Ben']
-------------- Email Scheduling --------------
Unpaid Bills:
- 2025-03-18: Owen, Ben
  - Days until bill due: 8
  - Not Sending Email
- 2025-03-20: Owen, Ben
  - Days until bill due: 10
  - Not Sending Email
=================== Done ===================

